<?xml version="1.0" encoding="UTF-8"?>
<testsuite name="services.impl.LoginServiceImplTest" tests="1" skipped="0" failures="0" errors="0" timestamp="2018-01-28T15:38:44" hostname="sa-W65-67SF" time="0.01">
  <properties/>
  <testcase name="checkAuth" classname="services.impl.LoginServiceImplTest" time="0.01"/>
  <system-out><![CDATA[passsword
]]></system-out>
  <system-err><![CDATA[]]></system-err>
</testsuite>
