<?xml version="1.0" encoding="UTF-8"?>
<testsuite name="db.xml.marshaling.TableMarshallerTest" tests="1" skipped="0" failures="0" errors="0" timestamp="2018-01-28T09:51:32" hostname="sa-W65-67SF" time="3.534">
  <properties/>
  <testcase name="call" classname="db.xml.marshaling.TableMarshallerTest" time="3.534"/>
  <system-out><![CDATA[]]></system-out>
  <system-err><![CDATA[]]></system-err>
</testsuite>
