<?xml version="1.0" encoding="UTF-8"?>
<testsuite name="services.impl.RegisterServiceImplTest" tests="1" skipped="0" failures="0" errors="0" timestamp="2018-01-26T11:06:39" hostname="sa-W65-67SF" time="0.012">
  <properties/>
  <testcase name="checkData" classname="services.impl.RegisterServiceImplTest" time="0.012"/>
  <system-out><![CDATA[2018-01-26 14:06:39 INFO  RegisterServiceImplTest:50 - Checked
 ]]></system-out>
  <system-err><![CDATA[]]></system-err>
</testsuite>
