<?xml version="1.0" encoding="UTF-8"?>
<testsuite name="services.impl.DashboardServiceImplTest" tests="1" skipped="0" failures="0" errors="0" timestamp="2018-01-28T09:51:38" hostname="sa-W65-67SF" time="0.0">
  <properties/>
  <testcase name="getTrainingList" classname="services.impl.DashboardServiceImplTest" time="0.0"/>
  <system-out><![CDATA[]]></system-out>
  <system-err><![CDATA[]]></system-err>
</testsuite>
