<?xml version="1.0" encoding="UTF-8"?>
<testsuite name="db.xml.xmlWrapper.TableTest" tests="1" skipped="0" failures="0" errors="0" timestamp="2018-01-30T07:59:09" hostname="sa-W65-67SF" time="0.0">
  <properties/>
  <testcase name="isReady" classname="db.xml.xmlWrapper.TableTest" time="0.0"/>
  <system-out><![CDATA[]]></system-out>
  <system-err><![CDATA[]]></system-err>
</testsuite>
