<?xml version="1.0" encoding="UTF-8"?>
<testsuite name="db.connectionManager.ConnectionManagerImplTest" tests="1" skipped="0" failures="0" errors="0" timestamp="2018-01-30T07:59:09" hostname="sa-W65-67SF" time="0.068">
  <properties/>
  <testcase name="closeConnection" classname="db.connectionManager.ConnectionManagerImplTest" time="0.068"/>
  <system-out><![CDATA[ХУЙ!
]]></system-out>
  <system-err><![CDATA[]]></system-err>
</testsuite>
