<?xml version="1.0" encoding="UTF-8"?>
<testsuite name="db.xml.xmlWrapper.TableTest" tests="1" skipped="0" failures="0" errors="0" timestamp="2018-01-30T09:22:13" hostname="sa-W65-67SF" time="0.004">
  <properties/>
  <testcase name="isReady" classname="db.xml.xmlWrapper.TableTest" time="0.004"/>
  <system-out><![CDATA[]]></system-out>
  <system-err><![CDATA[]]></system-err>
</testsuite>
