<?xml version="1.0" encoding="UTF-8"?>
<testsuite name="db.xml.marshaling.TableMarshallerTest" tests="1" skipped="0" failures="0" errors="0" timestamp="2018-01-30T09:22:13" hostname="sa-W65-67SF" time="0.23">
  <properties/>
  <testcase name="call" classname="db.xml.marshaling.TableMarshallerTest" time="0.23"/>
  <system-out><![CDATA[]]></system-out>
  <system-err><![CDATA[]]></system-err>
</testsuite>
