<?xml version="1.0" encoding="UTF-8"?>
<testsuite name="db.xml.marshaling.TableMarshallerTest" tests="1" skipped="0" failures="0" errors="0" timestamp="2018-01-24T10:43:41" hostname="DESKTOP-BO8H4UB" time="0.268">
  <properties/>
  <testcase name="call" classname="db.xml.marshaling.TableMarshallerTest" time="0.268"/>
  <system-out><![CDATA[]]></system-out>
  <system-err><![CDATA[]]></system-err>
</testsuite>
