<?xml version="1.0" encoding="UTF-8"?>
<testsuite name="db.pojo.PersonTest" tests="1" skipped="0" failures="0" errors="0" timestamp="2018-01-29T06:53:49" hostname="sa-W65-67SF" time="0.006">
  <properties/>
  <testcase name="equals" classname="db.pojo.PersonTest" time="0.006"/>
  <system-out><![CDATA[Test)) 
]]></system-out>
  <system-err><![CDATA[]]></system-err>
</testsuite>
