<?xml version="1.0" encoding="UTF-8"?>
<testsuite name="db.xml.marshaling.listener.ListenerCheckTest" tests="1" skipped="0" failures="0" errors="0" timestamp="2018-01-29T06:53:49" hostname="sa-W65-67SF" time="0.0">
  <properties/>
  <testcase name="check" classname="db.xml.marshaling.listener.ListenerCheckTest" time="0.0"/>
  <system-out><![CDATA[]]></system-out>
  <system-err><![CDATA[]]></system-err>
</testsuite>
