<?xml version="1.0" encoding="UTF-8"?>
<testsuite name="db.xml.xmlWrapper.DataBaseObjectTest" tests="1" skipped="0" failures="0" errors="0" timestamp="2018-01-28T09:51:30" hostname="sa-W65-67SF" time="0.021">
  <properties/>
  <testcase name="setObject" classname="db.xml.xmlWrapper.DataBaseObjectTest" time="0.021"/>
  <system-out><![CDATA[]]></system-out>
  <system-err><![CDATA[]]></system-err>
</testsuite>
