<?xml version="1.0" encoding="UTF-8"?>
<testsuite name="services.impl.LoginServiceImplTest" tests="1" skipped="0" failures="0" errors="0" timestamp="2018-01-26T11:06:39" hostname="sa-W65-67SF" time="0.001">
  <properties/>
  <testcase name="checkAuth" classname="services.impl.LoginServiceImplTest" time="0.001"/>
  <system-out><![CDATA[]]></system-out>
  <system-err><![CDATA[]]></system-err>
</testsuite>
