<?xml version="1.0" encoding="UTF-8"?>
<testsuite name="db.xml.xmlWrapper.DataBaseObjectTest" tests="1" skipped="0" failures="0" errors="0" timestamp="2018-01-29T06:53:49" hostname="sa-W65-67SF" time="0.003">
  <properties/>
  <testcase name="setObject" classname="db.xml.xmlWrapper.DataBaseObjectTest" time="0.003"/>
  <system-out><![CDATA[]]></system-out>
  <system-err><![CDATA[]]></system-err>
</testsuite>
