<?xml version="1.0" encoding="UTF-8"?>
<testsuite name="db.pojo.PersonTest" tests="1" skipped="0" failures="0" errors="0" timestamp="2018-01-24T10:43:41" hostname="DESKTOP-BO8H4UB" time="0.004">
  <properties/>
  <testcase name="equals" classname="db.pojo.PersonTest" time="0.004"/>
  <system-out><![CDATA[Test)) 
]]></system-out>
  <system-err><![CDATA[]]></system-err>
</testsuite>
