<?xml version="1.0" encoding="UTF-8"?>
<testsuite name="db.xml.xmlWrapper.DataBaseObjectTest" tests="1" skipped="0" failures="0" errors="0" timestamp="2018-01-21T15:27:15" hostname="DESKTOP-BO8H4UB" time="0.0">
  <properties/>
  <testcase name="setObject" classname="db.xml.xmlWrapper.DataBaseObjectTest" time="0.0"/>
  <system-out><![CDATA[]]></system-out>
  <system-err><![CDATA[]]></system-err>
</testsuite>
